{
  "stats": {
    "suites": 1,
    "tests": 1,
    "passes": 1,
    "pending": 0,
    "failures": 0,
    "start": "2022-09-15T09:22:32.220Z",
    "end": "2022-09-15T09:22:33.948Z",
    "duration": 1728,
    "testsRegistered": 1,
    "passPercent": 100,
    "pendingPercent": 0,
    "other": 0,
    "hasOther": false,
    "skipped": 0,
    "hasSkipped": false
  },
  "results": [
    {
      "uuid": "274c7332-a15e-4ad8-8721-1ef0f6b77e6f",
      "title": "",
      "fullFile": "cypress\\e2e\\kuchaknig.spec.js",
      "file": "cypress\\e2e\\kuchaknig.spec.js",
      "beforeHooks": [],
      "afterHooks": [],
      "tests": [],
      "suites": [
        {
          "uuid": "c9f18b30-4b85-42af-9474-efef7a5ccf5b",
          "title": "kuchaknig first suite",
          "fullFile": "",
          "file": "",
          "beforeHooks": [],
          "afterHooks": [],
          "tests": [
            {
              "title": "Доступность главной",
              "fullTitle": "kuchaknig first suite Доступность главной",
              "timedOut": null,
              "duration": 1696,
              "state": "passed",
              "speed": "fast",
              "pass": true,
              "fail": false,
              "pending": false,
              "context": null,
              "code": "cy.request('https://kuchaknig.org').its('status').should('eq', 200);",
              "err": {},
              "uuid": "365f976c-0442-450d-b754-0b124d037c87",
              "parentUUID": "c9f18b30-4b85-42af-9474-efef7a5ccf5b",
              "isHook": false,
              "skipped": false
            }
          ],
          "suites": [],
          "passes": [
            "365f976c-0442-450d-b754-0b124d037c87"
          ],
          "failures": [],
          "pending": [],
          "skipped": [],
          "duration": 1696,
          "root": false,
          "rootEmpty": false,
          "_timeout": 2000
        }
      ],
      "passes": [],
      "failures": [],
      "pending": [],
      "skipped": [],
      "duration": 0,
      "root": true,
      "rootEmpty": true,
      "_timeout": 2000
    }
  ],
  "meta": {
    "mocha": {
      "version": "7.0.1"
    },
    "mochawesome": {
      "options": {
        "quiet": true,
        "reportFilename": "mochawesome",
        "saveHtml": false,
        "saveJson": true,
        "consoleReporter": "spec",
        "useInlineDiffs": false,
        "code": true
      },
      "version": "7.1.3"
    },
    "marge": {
      "options": {
        "reportDir": "cypress/results/mochawesome",
        "overwrite": false,
        "quiet": true,
        "html": false,
        "json": true
      },
      "version": "6.2.0"
    }
  }
}