{
  "stats": {
    "suites": 1,
    "tests": 1,
    "passes": 1,
    "pending": 0,
    "failures": 0,
    "start": "2022-09-15T09:22:18.199Z",
    "end": "2022-09-15T09:22:23.843Z",
    "duration": 5644,
    "testsRegistered": 1,
    "passPercent": 100,
    "pendingPercent": 0,
    "other": 0,
    "hasOther": false,
    "skipped": 0,
    "hasSkipped": false
  },
  "results": [
    {
      "uuid": "de1075d8-2300-43c8-82d0-67257566dacd",
      "title": "",
      "fullFile": "cypress\\e2e\\bookz.spec.js",
      "file": "cypress\\e2e\\bookz.spec.js",
      "beforeHooks": [],
      "afterHooks": [],
      "tests": [],
      "suites": [
        {
          "uuid": "bd8f21da-b9f6-4c98-9d9b-70208587e96e",
          "title": "newbookz first suite",
          "fullFile": "",
          "file": "",
          "beforeHooks": [],
          "afterHooks": [],
          "tests": [
            {
              "title": "Доступность страницы книги",
              "fullTitle": "newbookz first suite Доступность страницы книги",
              "timedOut": null,
              "duration": 5590,
              "state": "passed",
              "speed": "medium",
              "pass": true,
              "fail": false,
              "pending": false,
              "context": null,
              "code": "cy.request('https://bookz.ru/authors/bredberi-rei/vino-iz-_147.html').its('status').should('eq', 200);",
              "err": {},
              "uuid": "c92d11b0-b849-4309-a8ef-845a7f5ca45c",
              "parentUUID": "bd8f21da-b9f6-4c98-9d9b-70208587e96e",
              "isHook": false,
              "skipped": false
            }
          ],
          "suites": [],
          "passes": [
            "c92d11b0-b849-4309-a8ef-845a7f5ca45c"
          ],
          "failures": [],
          "pending": [],
          "skipped": [],
          "duration": 5590,
          "root": false,
          "rootEmpty": false,
          "_timeout": 2000
        }
      ],
      "passes": [],
      "failures": [],
      "pending": [],
      "skipped": [],
      "duration": 0,
      "root": true,
      "rootEmpty": true,
      "_timeout": 2000
    }
  ],
  "meta": {
    "mocha": {
      "version": "7.0.1"
    },
    "mochawesome": {
      "options": {
        "quiet": true,
        "reportFilename": "mochawesome",
        "saveHtml": false,
        "saveJson": true,
        "consoleReporter": "spec",
        "useInlineDiffs": false,
        "code": true
      },
      "version": "7.1.3"
    },
    "marge": {
      "options": {
        "reportDir": "cypress/results/mochawesome",
        "overwrite": false,
        "quiet": true,
        "html": false,
        "json": true
      },
      "version": "6.2.0"
    }
  }
}