{
  "stats": {
    "suites": 1,
    "tests": 1,
    "passes": 1,
    "pending": 0,
    "failures": 0,
    "start": "2022-09-15T09:23:35.232Z",
    "end": "2022-09-15T09:23:35.475Z",
    "duration": 243,
    "testsRegistered": 1,
    "passPercent": 100,
    "pendingPercent": 0,
    "other": 0,
    "hasOther": false,
    "skipped": 0,
    "hasSkipped": false
  },
  "results": [
    {
      "uuid": "35f2da4c-6fc3-408d-bb40-aa500e7ff0a7",
      "title": "",
      "fullFile": "cypress\\e2e\\litportal.spec.js",
      "file": "cypress\\e2e\\litportal.spec.js",
      "beforeHooks": [],
      "afterHooks": [],
      "tests": [],
      "suites": [
        {
          "uuid": "41a9a0f4-9639-418d-902c-a97e209f9074",
          "title": "litportal first suite",
          "fullFile": "",
          "file": "",
          "beforeHooks": [],
          "afterHooks": [],
          "tests": [
            {
              "title": "Доступность страницы книги",
              "fullTitle": "litportal first suite Доступность страницы книги",
              "timedOut": null,
              "duration": 215,
              "state": "passed",
              "speed": "fast",
              "pass": true,
              "fail": false,
              "pending": false,
              "context": null,
              "code": "cy.request('https://litportal.ru/avtory/rey-bredberi/kniga-vino-iz-oduvanchikov-942959.html').its('status').should('eq', 200);",
              "err": {},
              "uuid": "c6228c1d-2fec-4dfc-891b-03227009cf9a",
              "parentUUID": "41a9a0f4-9639-418d-902c-a97e209f9074",
              "isHook": false,
              "skipped": false
            }
          ],
          "suites": [],
          "passes": [
            "c6228c1d-2fec-4dfc-891b-03227009cf9a"
          ],
          "failures": [],
          "pending": [],
          "skipped": [],
          "duration": 215,
          "root": false,
          "rootEmpty": false,
          "_timeout": 2000
        }
      ],
      "passes": [],
      "failures": [],
      "pending": [],
      "skipped": [],
      "duration": 0,
      "root": true,
      "rootEmpty": true,
      "_timeout": 2000
    }
  ],
  "meta": {
    "mocha": {
      "version": "7.0.1"
    },
    "mochawesome": {
      "options": {
        "quiet": true,
        "reportFilename": "mochawesome",
        "saveHtml": false,
        "saveJson": true,
        "consoleReporter": "spec",
        "useInlineDiffs": false,
        "code": true
      },
      "version": "7.1.3"
    },
    "marge": {
      "options": {
        "reportDir": "cypress/results/mochawesome",
        "overwrite": false,
        "quiet": true,
        "html": false,
        "json": true
      },
      "version": "6.2.0"
    }
  }
}