{
  "stats": {
    "suites": 1,
    "tests": 1,
    "passes": 1,
    "pending": 0,
    "failures": 0,
    "start": "2022-09-15T09:22:26.271Z",
    "end": "2022-09-15T09:22:26.564Z",
    "duration": 293,
    "testsRegistered": 1,
    "passPercent": 100,
    "pendingPercent": 0,
    "other": 0,
    "hasOther": false,
    "skipped": 0,
    "hasSkipped": false
  },
  "results": [
    {
      "uuid": "c28c4890-ec84-48e7-a0c4-044c91f80dd9",
      "title": "",
      "fullFile": "cypress\\e2e\\fantasy-worlds.spec.js",
      "file": "cypress\\e2e\\fantasy-worlds.spec.js",
      "beforeHooks": [],
      "afterHooks": [],
      "tests": [],
      "suites": [
        {
          "uuid": "a4ce3e18-f099-44ec-9398-45e0f88e363b",
          "title": "fantasy-worlds first suite",
          "fullFile": "",
          "file": "",
          "beforeHooks": [],
          "afterHooks": [],
          "tests": [
            {
              "title": "Доступность главной",
              "fullTitle": "fantasy-worlds first suite Доступность главной",
              "timedOut": null,
              "duration": 262,
              "state": "passed",
              "speed": "fast",
              "pass": true,
              "fail": false,
              "pending": false,
              "context": null,
              "code": "cy.request('https://fantasy-worlds.ru').its('status').should('eq', 200);",
              "err": {},
              "uuid": "1ebab080-e8d2-4900-868f-07833b3ef05d",
              "parentUUID": "a4ce3e18-f099-44ec-9398-45e0f88e363b",
              "isHook": false,
              "skipped": false
            }
          ],
          "suites": [],
          "passes": [
            "1ebab080-e8d2-4900-868f-07833b3ef05d"
          ],
          "failures": [],
          "pending": [],
          "skipped": [],
          "duration": 262,
          "root": false,
          "rootEmpty": false,
          "_timeout": 2000
        }
      ],
      "passes": [],
      "failures": [],
      "pending": [],
      "skipped": [],
      "duration": 0,
      "root": true,
      "rootEmpty": true,
      "_timeout": 2000
    }
  ],
  "meta": {
    "mocha": {
      "version": "7.0.1"
    },
    "mochawesome": {
      "options": {
        "quiet": true,
        "reportFilename": "mochawesome",
        "saveHtml": false,
        "saveJson": true,
        "consoleReporter": "spec",
        "useInlineDiffs": false,
        "code": true
      },
      "version": "7.1.3"
    },
    "marge": {
      "options": {
        "reportDir": "cypress/results/mochawesome",
        "overwrite": false,
        "quiet": true,
        "html": false,
        "json": true
      },
      "version": "6.2.0"
    }
  }
}