{
  "stats": {
    "suites": 1,
    "tests": 1,
    "passes": 1,
    "pending": 0,
    "failures": 0,
    "start": "2022-09-15T09:47:05.388Z",
    "end": "2022-09-15T09:47:06.028Z",
    "duration": 640,
    "testsRegistered": 1,
    "passPercent": 100,
    "pendingPercent": 0,
    "other": 0,
    "hasOther": false,
    "skipped": 0,
    "hasSkipped": false
  },
  "results": [
    {
      "uuid": "3a5e3e2c-4122-4f8d-a3e6-7aa7b50753c6",
      "title": "",
      "fullFile": "cypress\\e2e\\fenzin.spec.js",
      "file": "cypress\\e2e\\fenzin.spec.js",
      "beforeHooks": [],
      "afterHooks": [],
      "tests": [],
      "suites": [
        {
          "uuid": "fac64f16-042d-48f2-a1bf-8d30d3e27846",
          "title": "fenzin first suite",
          "fullFile": "",
          "file": "",
          "beforeHooks": [],
          "afterHooks": [],
          "tests": [
            {
              "title": "Доступность главной",
              "fullTitle": "fenzin first suite Доступность главной",
              "timedOut": null,
              "duration": 613,
              "state": "passed",
              "speed": "fast",
              "pass": true,
              "fail": false,
              "pending": false,
              "context": null,
              "code": "cy.request('https://fenzin.org').its('status').should('eq', 200);",
              "err": {},
              "uuid": "398bb457-20f8-4079-88a5-937330dd4dc9",
              "parentUUID": "fac64f16-042d-48f2-a1bf-8d30d3e27846",
              "isHook": false,
              "skipped": false
            }
          ],
          "suites": [],
          "passes": [
            "398bb457-20f8-4079-88a5-937330dd4dc9"
          ],
          "failures": [],
          "pending": [],
          "skipped": [],
          "duration": 613,
          "root": false,
          "rootEmpty": false,
          "_timeout": 2000
        }
      ],
      "passes": [],
      "failures": [],
      "pending": [],
      "skipped": [],
      "duration": 0,
      "root": true,
      "rootEmpty": true,
      "_timeout": 2000
    }
  ],
  "meta": {
    "mocha": {
      "version": "7.0.1"
    },
    "mochawesome": {
      "options": {
        "quiet": true,
        "reportFilename": "mochawesome",
        "saveHtml": false,
        "saveJson": true,
        "consoleReporter": "spec",
        "useInlineDiffs": false,
        "code": true
      },
      "version": "7.1.3"
    },
    "marge": {
      "options": {
        "id": "default",
        "reportDir": "./mocha-reports",
        "quiet": true,
        "overwrite": false,
        "html": false,
        "json": true
      },
      "version": "6.2.0"
    }
  }
}