{
  "stats": {
    "suites": 1,
    "tests": 1,
    "passes": 1,
    "pending": 0,
    "failures": 0,
    "start": "2022-09-15T09:51:03.517Z",
    "end": "2022-09-15T09:51:03.801Z",
    "duration": 284,
    "testsRegistered": 1,
    "passPercent": 100,
    "pendingPercent": 0,
    "other": 0,
    "hasOther": false,
    "skipped": 0,
    "hasSkipped": false
  },
  "results": [
    {
      "uuid": "e767c4d8-2f31-4a8c-8d1d-38fd69b382d3",
      "title": "",
      "fullFile": "cypress\\e2e\\litportal.spec.js",
      "file": "cypress\\e2e\\litportal.spec.js",
      "beforeHooks": [],
      "afterHooks": [],
      "tests": [],
      "suites": [
        {
          "uuid": "0e28a3a1-6d6b-4bf5-ba9c-6af87b5de104",
          "title": "litportal first suite",
          "fullFile": "",
          "file": "",
          "beforeHooks": [],
          "afterHooks": [],
          "tests": [
            {
              "title": "Доступность страницы книги",
              "fullTitle": "litportal first suite Доступность страницы книги",
              "timedOut": null,
              "duration": 248,
              "state": "passed",
              "speed": "fast",
              "pass": true,
              "fail": false,
              "pending": false,
              "context": null,
              "code": "cy.request('https://litportal.ru/avtory/rey-bredberi/kniga-vino-iz-oduvanchikov-942959.html').its('status').should('eq', 200);",
              "err": {},
              "uuid": "15adad3a-1efb-49ce-80ac-d9c17089d01e",
              "parentUUID": "0e28a3a1-6d6b-4bf5-ba9c-6af87b5de104",
              "isHook": false,
              "skipped": false
            }
          ],
          "suites": [],
          "passes": [
            "15adad3a-1efb-49ce-80ac-d9c17089d01e"
          ],
          "failures": [],
          "pending": [],
          "skipped": [],
          "duration": 248,
          "root": false,
          "rootEmpty": false,
          "_timeout": 2000
        }
      ],
      "passes": [],
      "failures": [],
      "pending": [],
      "skipped": [],
      "duration": 0,
      "root": true,
      "rootEmpty": true,
      "_timeout": 2000
    }
  ],
  "meta": {
    "mocha": {
      "version": "7.0.1"
    },
    "mochawesome": {
      "options": {
        "quiet": true,
        "reportFilename": "mochawesome",
        "saveHtml": false,
        "saveJson": true,
        "consoleReporter": "spec",
        "useInlineDiffs": false,
        "code": true
      },
      "version": "7.1.3"
    },
    "marge": {
      "options": {
        "id": "default",
        "reportDir": "./mocha-reports",
        "quiet": true,
        "overwrite": false,
        "html": false,
        "json": true
      },
      "version": "6.2.0"
    }
  }
}