{
  "stats": {
    "suites": 1,
    "tests": 1,
    "passes": 1,
    "pending": 0,
    "failures": 0,
    "start": "2022-09-16T13:16:19.879Z",
    "end": "2022-09-16T13:16:25.227Z",
    "duration": 5348,
    "testsRegistered": 1,
    "passPercent": 100,
    "pendingPercent": 0,
    "other": 0,
    "hasOther": false,
    "skipped": 0,
    "hasSkipped": false
  },
  "results": [
    {
      "uuid": "bc8730ac-2a37-4668-a132-46a9ab1e2b5f",
      "title": "",
      "fullFile": "cypress\\e2e\\kuchaknig.spec.js",
      "file": "cypress\\e2e\\kuchaknig.spec.js",
      "beforeHooks": [],
      "afterHooks": [],
      "tests": [],
      "suites": [
        {
          "uuid": "364c6bbe-e279-4260-9460-dfe5c8a1fa73",
          "title": "kuchaknig first suite",
          "fullFile": "",
          "file": "",
          "beforeHooks": [],
          "afterHooks": [],
          "tests": [
            {
              "title": "Доступность главной",
              "fullTitle": "kuchaknig first suite Доступность главной",
              "timedOut": null,
              "duration": 5272,
              "state": "passed",
              "speed": "medium",
              "pass": true,
              "fail": false,
              "pending": false,
              "context": null,
              "code": "cy.request('https://kuchaknig.org').its('status').should('eq', 200);",
              "err": {},
              "uuid": "31f8b073-6648-4ff2-b761-969138398d7d",
              "parentUUID": "364c6bbe-e279-4260-9460-dfe5c8a1fa73",
              "isHook": false,
              "skipped": false
            }
          ],
          "suites": [],
          "passes": [
            "31f8b073-6648-4ff2-b761-969138398d7d"
          ],
          "failures": [],
          "pending": [],
          "skipped": [],
          "duration": 5272,
          "root": false,
          "rootEmpty": false,
          "_timeout": 2000
        }
      ],
      "passes": [],
      "failures": [],
      "pending": [],
      "skipped": [],
      "duration": 0,
      "root": true,
      "rootEmpty": true,
      "_timeout": 2000
    }
  ],
  "meta": {
    "mocha": {
      "version": "7.0.1"
    },
    "mochawesome": {
      "options": {
        "quiet": true,
        "reportFilename": "mochawesome",
        "saveHtml": false,
        "saveJson": true,
        "consoleReporter": "spec",
        "useInlineDiffs": false,
        "code": true
      },
      "version": "7.1.3"
    },
    "marge": {
      "options": {
        "id": "default",
        "reportDir": "./mocha-reports",
        "quiet": true,
        "overwrite": false,
        "html": false,
        "json": true
      },
      "version": "6.2.0"
    }
  }
}