{
  "stats": {
    "suites": 1,
    "tests": 1,
    "passes": 1,
    "pending": 0,
    "failures": 0,
    "start": "2022-09-16T13:16:08.414Z",
    "end": "2022-09-16T13:16:09.237Z",
    "duration": 823,
    "testsRegistered": 1,
    "passPercent": 100,
    "pendingPercent": 0,
    "other": 0,
    "hasOther": false,
    "skipped": 0,
    "hasSkipped": false
  },
  "results": [
    {
      "uuid": "3cece2a5-f45f-4cd3-aeac-ac9aa3f2f95f",
      "title": "",
      "fullFile": "cypress\\e2e\\bookz.spec.js",
      "file": "cypress\\e2e\\bookz.spec.js",
      "beforeHooks": [],
      "afterHooks": [],
      "tests": [],
      "suites": [
        {
          "uuid": "089245a6-80f3-4eca-a011-7c17a7e35c6c",
          "title": "newbookz first suite",
          "fullFile": "",
          "file": "",
          "beforeHooks": [],
          "afterHooks": [],
          "tests": [
            {
              "title": "Доступность страницы книги",
              "fullTitle": "newbookz first suite Доступность страницы книги",
              "timedOut": null,
              "duration": 767,
              "state": "passed",
              "speed": "fast",
              "pass": true,
              "fail": false,
              "pending": false,
              "context": null,
              "code": "cy.request('https://bookz.ru/authors/bredberi-rei/vino-iz-_147.html').its('status').should('eq', 200);",
              "err": {},
              "uuid": "49ad2a87-7c07-48ac-97db-0ad05b3dca6f",
              "parentUUID": "089245a6-80f3-4eca-a011-7c17a7e35c6c",
              "isHook": false,
              "skipped": false
            }
          ],
          "suites": [],
          "passes": [
            "49ad2a87-7c07-48ac-97db-0ad05b3dca6f"
          ],
          "failures": [],
          "pending": [],
          "skipped": [],
          "duration": 767,
          "root": false,
          "rootEmpty": false,
          "_timeout": 2000
        }
      ],
      "passes": [],
      "failures": [],
      "pending": [],
      "skipped": [],
      "duration": 0,
      "root": true,
      "rootEmpty": true,
      "_timeout": 2000
    }
  ],
  "meta": {
    "mocha": {
      "version": "7.0.1"
    },
    "mochawesome": {
      "options": {
        "quiet": true,
        "reportFilename": "mochawesome",
        "saveHtml": false,
        "saveJson": true,
        "consoleReporter": "spec",
        "useInlineDiffs": false,
        "code": true
      },
      "version": "7.1.3"
    },
    "marge": {
      "options": {
        "id": "default",
        "reportDir": "./mocha-reports",
        "quiet": true,
        "overwrite": false,
        "html": false,
        "json": true
      },
      "version": "6.2.0"
    }
  }
}