{
  "stats": {
    "suites": 1,
    "tests": 1,
    "passes": 1,
    "pending": 0,
    "failures": 0,
    "start": "2022-09-15T09:50:53.713Z",
    "end": "2022-09-15T09:50:54.013Z",
    "duration": 300,
    "testsRegistered": 1,
    "passPercent": 100,
    "pendingPercent": 0,
    "other": 0,
    "hasOther": false,
    "skipped": 0,
    "hasSkipped": false
  },
  "results": [
    {
      "uuid": "a423c350-7d8f-49c0-b9e2-0a9393a59588",
      "title": "",
      "fullFile": "cypress\\e2e\\fantasy-worlds.spec.js",
      "file": "cypress\\e2e\\fantasy-worlds.spec.js",
      "beforeHooks": [],
      "afterHooks": [],
      "tests": [],
      "suites": [
        {
          "uuid": "565411e2-17ae-4e9d-aea0-0a9196639348",
          "title": "fantasy-worlds first suite",
          "fullFile": "",
          "file": "",
          "beforeHooks": [],
          "afterHooks": [],
          "tests": [
            {
              "title": "Доступность главной",
              "fullTitle": "fantasy-worlds first suite Доступность главной",
              "timedOut": null,
              "duration": 257,
              "state": "passed",
              "speed": "fast",
              "pass": true,
              "fail": false,
              "pending": false,
              "context": null,
              "code": "cy.request('https://fantasy-worlds.ru').its('status').should('eq', 200);",
              "err": {},
              "uuid": "05b42626-9575-4fdf-b05f-aa7064c4e161",
              "parentUUID": "565411e2-17ae-4e9d-aea0-0a9196639348",
              "isHook": false,
              "skipped": false
            }
          ],
          "suites": [],
          "passes": [
            "05b42626-9575-4fdf-b05f-aa7064c4e161"
          ],
          "failures": [],
          "pending": [],
          "skipped": [],
          "duration": 257,
          "root": false,
          "rootEmpty": false,
          "_timeout": 2000
        }
      ],
      "passes": [],
      "failures": [],
      "pending": [],
      "skipped": [],
      "duration": 0,
      "root": true,
      "rootEmpty": true,
      "_timeout": 2000
    }
  ],
  "meta": {
    "mocha": {
      "version": "7.0.1"
    },
    "mochawesome": {
      "options": {
        "quiet": true,
        "reportFilename": "mochawesome",
        "saveHtml": false,
        "saveJson": true,
        "consoleReporter": "spec",
        "useInlineDiffs": false,
        "code": true
      },
      "version": "7.1.3"
    },
    "marge": {
      "options": {
        "id": "default",
        "reportDir": "./mocha-reports",
        "quiet": true,
        "overwrite": false,
        "html": false,
        "json": true
      },
      "version": "6.2.0"
    }
  }
}