{
  "stats": {
    "suites": 1,
    "tests": 1,
    "passes": 1,
    "pending": 0,
    "failures": 0,
    "start": "2022-09-15T09:50:45.836Z",
    "end": "2022-09-15T09:50:51.339Z",
    "duration": 5503,
    "testsRegistered": 1,
    "passPercent": 100,
    "pendingPercent": 0,
    "other": 0,
    "hasOther": false,
    "skipped": 0,
    "hasSkipped": false
  },
  "results": [
    {
      "uuid": "cbd96e63-4a8d-4025-8adc-2a2b94a94653",
      "title": "",
      "fullFile": "cypress\\e2e\\bookz.spec.js",
      "file": "cypress\\e2e\\bookz.spec.js",
      "beforeHooks": [],
      "afterHooks": [],
      "tests": [],
      "suites": [
        {
          "uuid": "b58e637f-0362-4ca2-88cb-db25d28725fb",
          "title": "newbookz first suite",
          "fullFile": "",
          "file": "",
          "beforeHooks": [],
          "afterHooks": [],
          "tests": [
            {
              "title": "Доступность страницы книги",
              "fullTitle": "newbookz first suite Доступность страницы книги",
              "timedOut": null,
              "duration": 5444,
              "state": "passed",
              "speed": "medium",
              "pass": true,
              "fail": false,
              "pending": false,
              "context": null,
              "code": "cy.request('https://bookz.ru/authors/bredberi-rei/vino-iz-_147.html').its('status').should('eq', 200);",
              "err": {},
              "uuid": "85a26048-920b-439e-b995-00d4e8de59cf",
              "parentUUID": "b58e637f-0362-4ca2-88cb-db25d28725fb",
              "isHook": false,
              "skipped": false
            }
          ],
          "suites": [],
          "passes": [
            "85a26048-920b-439e-b995-00d4e8de59cf"
          ],
          "failures": [],
          "pending": [],
          "skipped": [],
          "duration": 5444,
          "root": false,
          "rootEmpty": false,
          "_timeout": 2000
        }
      ],
      "passes": [],
      "failures": [],
      "pending": [],
      "skipped": [],
      "duration": 0,
      "root": true,
      "rootEmpty": true,
      "_timeout": 2000
    }
  ],
  "meta": {
    "mocha": {
      "version": "7.0.1"
    },
    "mochawesome": {
      "options": {
        "quiet": true,
        "reportFilename": "mochawesome",
        "saveHtml": false,
        "saveJson": true,
        "consoleReporter": "spec",
        "useInlineDiffs": false,
        "code": true
      },
      "version": "7.1.3"
    },
    "marge": {
      "options": {
        "id": "default",
        "reportDir": "./mocha-reports",
        "quiet": true,
        "overwrite": false,
        "html": false,
        "json": true
      },
      "version": "6.2.0"
    }
  }
}