{
  "stats": {
    "suites": 1,
    "tests": 1,
    "passes": 1,
    "pending": 0,
    "failures": 0,
    "start": "2022-09-15T18:37:25.114Z",
    "end": "2022-09-15T18:37:25.708Z",
    "duration": 594,
    "testsRegistered": 1,
    "passPercent": 100,
    "pendingPercent": 0,
    "other": 0,
    "hasOther": false,
    "skipped": 0,
    "hasSkipped": false
  },
  "results": [
    {
      "uuid": "84a1ce4e-be59-4d1e-b68d-e6be41dfea6a",
      "title": "",
      "fullFile": "cypress\\e2e\\bookz.spec.js",
      "file": "cypress\\e2e\\bookz.spec.js",
      "beforeHooks": [],
      "afterHooks": [],
      "tests": [],
      "suites": [
        {
          "uuid": "c09ce940-d4d1-4364-b3cd-74f111010cd9",
          "title": "newbookz first suite",
          "fullFile": "",
          "file": "",
          "beforeHooks": [],
          "afterHooks": [],
          "tests": [
            {
              "title": "Доступность страницы книги",
              "fullTitle": "newbookz first suite Доступность страницы книги",
              "timedOut": null,
              "duration": 551,
              "state": "passed",
              "speed": "fast",
              "pass": true,
              "fail": false,
              "pending": false,
              "context": null,
              "code": "cy.request('https://bookz.ru/authors/bredberi-rei/vino-iz-_147.html').its('status').should('eq', 200);",
              "err": {},
              "uuid": "bc5ae8e4-3ff9-495a-b073-73c9804ad6f7",
              "parentUUID": "c09ce940-d4d1-4364-b3cd-74f111010cd9",
              "isHook": false,
              "skipped": false
            }
          ],
          "suites": [],
          "passes": [
            "bc5ae8e4-3ff9-495a-b073-73c9804ad6f7"
          ],
          "failures": [],
          "pending": [],
          "skipped": [],
          "duration": 551,
          "root": false,
          "rootEmpty": false,
          "_timeout": 2000
        }
      ],
      "passes": [],
      "failures": [],
      "pending": [],
      "skipped": [],
      "duration": 0,
      "root": true,
      "rootEmpty": true,
      "_timeout": 2000
    }
  ],
  "meta": {
    "mocha": {
      "version": "7.0.1"
    },
    "mochawesome": {
      "options": {
        "quiet": true,
        "reportFilename": "mochawesome",
        "saveHtml": false,
        "saveJson": true,
        "consoleReporter": "spec",
        "useInlineDiffs": false,
        "code": true
      },
      "version": "7.1.3"
    },
    "marge": {
      "options": {
        "id": "default",
        "reportDir": "./mocha-reports",
        "quiet": true,
        "overwrite": false,
        "html": false,
        "json": true
      },
      "version": "6.2.0"
    }
  }
}